<?xml version="1.0"?>
<?mso-application progid="Excel.Sheet"?>
<Workbook xmlns="urn:schemas-microsoft-com:office:spreadsheet"
 xmlns:o="urn:schemas-microsoft-com:office:office"
 xmlns:x="urn:schemas-microsoft-com:office:excel"
 xmlns:ss="urn:schemas-microsoft-com:office:spreadsheet"
 xmlns:html="http://www.w3.org/TR/REC-html40">
 <DocumentProperties xmlns="urn:schemas-microsoft-com:office:office">
  <Author>Grahame</Author>
  <LastAuthor>Grahame</LastAuthor>
  <Created>2012-03-19T11:12:07Z</Created>
  <Version>14.00</Version>
 </DocumentProperties>
 <OfficeDocumentSettings xmlns="urn:schemas-microsoft-com:office:office">
  <AllowPNG/>
 </OfficeDocumentSettings>
 <ExcelWorkbook xmlns="urn:schemas-microsoft-com:office:excel">
  <WindowHeight>6345</WindowHeight>
  <WindowWidth>15570</WindowWidth>
  <WindowTopX>5520</WindowTopX>
  <WindowTopY>6075</WindowTopY>
  <ProtectStructure>False</ProtectStructure>
  <ProtectWindows>False</ProtectWindows>
 </ExcelWorkbook>
 <Styles>
  <Style ss:ID="Default" ss:Name="Normal">
   <Alignment ss:Vertical="Bottom"/>
   <Borders/>
   <Font ss:FontName="Calibri" x:Family="Swiss" ss:Size="11" ss:Color="#000000"/>
   <Interior/>
   <NumberFormat/>
   <Protection/>
  </Style>
  <Style ss:ID="s62">
   <Alignment ss:Horizontal="Left" ss:Vertical="Top" ss:ShrinkToFit="1"
    ss:WrapText="1"/>
  </Style>
  <Style ss:ID="s63">
   <Alignment ss:Horizontal="Left" ss:Vertical="Top" ss:ShrinkToFit="1"
    ss:WrapText="1"/>
   <Font ss:FontName="Calibri" x:Family="Swiss" ss:Size="11" ss:Color="#000000"
    ss:Bold="1"/>
  </Style>
  <Style ss:ID="s64">
   <Alignment ss:Horizontal="Left" ss:Vertical="Top" ss:ShrinkToFit="1"
    ss:WrapText="1"/>
   <Borders>
    <Border ss:Position="Bottom" ss:LineStyle="Continuous" ss:Weight="1"/>
   </Borders>
   <Font ss:FontName="Calibri" x:Family="Swiss" ss:Size="11" ss:Color="#000000"
    ss:Bold="1"/>
   <Interior ss:Color="#EEECE1" ss:Pattern="Solid"/>
  </Style>
  <Style ss:ID="s65">
   <Alignment ss:Vertical="Bottom" ss:ShrinkToFit="1" ss:WrapText="1"/>
  </Style>
  <Style ss:ID="s66">
   <Borders>
    <Border ss:Position="Bottom" ss:LineStyle="Continuous" ss:Weight="1"/>
   </Borders>
   <Interior ss:Color="#EEECE1" ss:Pattern="Solid"/>
  </Style>
  <Style ss:ID="s67">
   <Alignment ss:Vertical="Top" ss:WrapText="1"/>
   <Borders>
    <Border ss:Position="Bottom" ss:LineStyle="Continuous" ss:Weight="1"/>
   </Borders>
   <Interior ss:Color="#EEECE1" ss:Pattern="Solid"/>
  </Style>
 </Styles>
 <Worksheet ss:Name="Data Elements">
  <Table ss:ExpandedColumnCount="18" ss:ExpandedRowCount="17" x:FullColumns="1"
   x:FullRows="1" ss:StyleID="s62" ss:DefaultRowHeight="15">
   <Column ss:StyleID="s63" ss:AutoFitWidth="0" ss:Width="150.75"/>
   <Column ss:StyleID="s62" ss:AutoFitWidth="0" ss:Width="56.25" ss:Span="1"/>
   <Column ss:Index="4" ss:StyleID="s62" ss:AutoFitWidth="0" ss:Width="60.75"/>
   <Column ss:StyleID="s62" ss:AutoFitWidth="0" ss:Width="56.25"/>
   <Column ss:StyleID="s62" ss:AutoFitWidth="0" ss:Width="82.5"/>
   <Column ss:StyleID="s62" ss:AutoFitWidth="0" ss:Width="61.5"/>
   <Column ss:StyleID="s62" ss:AutoFitWidth="0" ss:Width="213.75" ss:Span="1"/>
   <Column ss:Index="10" ss:StyleID="s62" ss:AutoFitWidth="0" ss:Width="161.25"
    ss:Span="1"/>
   <Column ss:Index="12" ss:StyleID="s62" ss:AutoFitWidth="0" ss:Width="114"/>
   <Column ss:StyleID="s62" ss:AutoFitWidth="0" ss:Width="135" ss:Span="1"/>
   <Row ss:AutoFitHeight="0" ss:Height="45" ss:StyleID="s64">
    <Cell><Data ss:Type="String">Element</Data></Cell>
    <Cell><Data ss:Type="String">Card.</Data></Cell>
    <Cell><Data ss:Type="String">Inv.</Data></Cell>
    <Cell><Data ss:Type="String">Must Understand</Data></Cell>
    <Cell><Data ss:Type="String">Type</Data></Cell>
    <Cell><Data ss:Type="String">Binding</Data></Cell>
    <Cell><Data ss:Type="String">Must Understand</Data></Cell>
    <Cell><Data ss:Type="String">Short Name</Data></Cell>
    <Cell><Data ss:Type="String">Definition</Data></Cell>
    <Cell><Data ss:Type="String">Requirements</Data></Cell>
    <Cell><Data ss:Type="String">Comments</Data></Cell>
    <Cell><Data ss:Type="String">Condition</Data></Cell>
    <Cell><Data ss:Type="String">RIM Mapping</Data></Cell>
    <Cell><Data ss:Type="String">v2 Mapping</Data></Cell>
    <Cell><Data ss:Type="String">To Do</Data></Cell>
    <Cell><Data ss:Type="String">Committee Notes</Data></Cell>
    <Cell><Data ss:Type="String">SNOMED CT Qualifier Code</Data></Cell>
    <Cell><Data ss:Type="String">LOINC Qualifier Code</Data></Cell>
   </Row>
   <Row ss:AutoFitHeight="0">
    <Cell><Data ss:Type="String">Test</Data></Cell>
    <Cell><Data ss:Type="String">1..1</Data></Cell>
    <Cell ss:Index="5"><Data ss:Type="String">Resource</Data></Cell>
    <Cell ss:Index="8"><Data ss:Type="String">Test's Resource</Data></Cell>
    <Cell><Data ss:Type="String">[Template] Master Definition</Data></Cell>
   </Row>
   <Row ss:AutoFitHeight="0">
    <Cell><Data ss:Type="String">Test.stringErr</Data></Cell>
    <Cell><Data ss:Type="String">0..*</Data></Cell>
    <Cell ss:Index="5"><Data ss:Type="String">string</Data></Cell>
    <Cell ss:Index="8"><Data ss:Type="String">Strings with invalid content</Data></Cell>
   </Row>
   <Row ss:AutoFitHeight="0">
    <Cell><Data ss:Type="String">Test.stringCorr</Data></Cell>
    <Cell><Data ss:Type="String">0..*</Data></Cell>
    <Cell ss:Index="5"><Data ss:Type="String">string</Data></Cell>
    <Cell ss:Index="8"><Data ss:Type="String">Strings with correct content</Data></Cell>
   </Row>
   <Row ss:AutoFitHeight="0">
    <Cell><Data ss:Type="String">Test.booleanErr</Data></Cell>
    <Cell><Data ss:Type="String">0..*</Data></Cell>
    <Cell ss:Index="5"><Data ss:Type="String">boolean</Data></Cell>
    <Cell ss:Index="8"><Data ss:Type="String">Booleans with invalid content</Data></Cell>
   </Row>
   <Row ss:AutoFitHeight="0">
    <Cell><Data ss:Type="String">Test.booleanCorr</Data></Cell>
    <Cell><Data ss:Type="String">0..*</Data></Cell>
    <Cell ss:Index="5"><Data ss:Type="String">boolean</Data></Cell>
    <Cell ss:Index="8"><Data ss:Type="String">Booleans with correct content</Data></Cell>
   </Row>
   <Row ss:AutoFitHeight="0">
    <Cell><Data ss:Type="String">Test.integerErr</Data></Cell>
    <Cell><Data ss:Type="String">0..*</Data></Cell>
    <Cell ss:Index="5"><Data ss:Type="String">integer</Data></Cell>
    <Cell ss:Index="8"><Data ss:Type="String">Integers with invalid content</Data></Cell>
   </Row>
   <Row ss:AutoFitHeight="0">
    <Cell><Data ss:Type="String">Test.integerCorr</Data></Cell>
    <Cell><Data ss:Type="String">0..*</Data></Cell>
    <Cell ss:Index="5"><Data ss:Type="String">integer</Data></Cell>
    <Cell ss:Index="8"><Data ss:Type="String">Integers with correct content</Data></Cell>
   </Row>
   <Row ss:AutoFitHeight="0">
    <Cell><Data ss:Type="String">Test.decimalErr</Data></Cell>
    <Cell><Data ss:Type="String">0..*</Data></Cell>
    <Cell ss:Index="5"><Data ss:Type="String">decimal</Data></Cell>
    <Cell ss:Index="8"><Data ss:Type="String">Decimals with invalid content</Data></Cell>
   </Row>
   <Row ss:AutoFitHeight="0">
    <Cell><Data ss:Type="String">Test.decimalCorr</Data></Cell>
    <Cell><Data ss:Type="String">0..*</Data></Cell>
    <Cell ss:Index="5"><Data ss:Type="String">decimal</Data></Cell>
    <Cell ss:Index="8"><Data ss:Type="String">Decimals with correct content</Data></Cell>
   </Row>
   <Row ss:AutoFitHeight="0">
    <Cell><Data ss:Type="String">Test.b64Err</Data></Cell>
    <Cell><Data ss:Type="String">0..*</Data></Cell>
    <Cell ss:Index="5"><Data ss:Type="String">base64Binary</Data></Cell>
    <Cell ss:Index="8"><Data ss:Type="String">Binaries with invalid content</Data></Cell>
   </Row>
   <Row ss:AutoFitHeight="0">
    <Cell><Data ss:Type="String">Test.b64Corr</Data></Cell>
    <Cell><Data ss:Type="String">0..*</Data></Cell>
    <Cell ss:Index="5"><Data ss:Type="String">base64Binary</Data></Cell>
    <Cell ss:Index="8"><Data ss:Type="String">Binaries with correct content</Data></Cell>
   </Row>
   <Row ss:AutoFitHeight="0">
    <Cell><Data ss:Type="String">Test.instantErr</Data></Cell>
    <Cell><Data ss:Type="String">0..*</Data></Cell>
    <Cell ss:Index="5"><Data ss:Type="String">instant</Data></Cell>
    <Cell ss:Index="8"><Data ss:Type="String">Instants with invalid content</Data></Cell>
   </Row>
   <Row ss:AutoFitHeight="0">
    <Cell><Data ss:Type="String">Test.instantCorr</Data></Cell>
    <Cell><Data ss:Type="String">0..*</Data></Cell>
    <Cell ss:Index="5"><Data ss:Type="String">instant</Data></Cell>
    <Cell ss:Index="8"><Data ss:Type="String">Instants with correct content</Data></Cell>
   </Row>
   <Row ss:AutoFitHeight="0">
    <Cell><Data ss:Type="String">Test.uriErr</Data></Cell>
    <Cell><Data ss:Type="String">0..*</Data></Cell>
    <Cell ss:Index="5"><Data ss:Type="String">uri</Data></Cell>
    <Cell ss:Index="8"><Data ss:Type="String">Uri's with invalid content</Data></Cell>
   </Row>
   <Row ss:AutoFitHeight="0">
    <Cell><Data ss:Type="String">Test.uriCorr</Data></Cell>
    <Cell><Data ss:Type="String">0..*</Data></Cell>
    <Cell ss:Index="5"><Data ss:Type="String">uri</Data></Cell>
    <Cell ss:Index="8"><Data ss:Type="String">Uri's with correct content</Data></Cell>
   </Row>
   <Row ss:AutoFitHeight="0">
    <Cell><Data ss:Type="String">Test.idrefSingle</Data></Cell>
    <Cell><Data ss:Type="String">0..1</Data></Cell>
    <Cell ss:Index="5"><Data ss:Type="String">idref</Data></Cell>
    <Cell ss:Index="8"><Data ss:Type="String">Test idref</Data></Cell>
   </Row>
  </Table>
  <WorksheetOptions xmlns="urn:schemas-microsoft-com:office:excel">
   <PageSetup>
    <Header x:Margin="0.3"/>
    <Footer x:Margin="0.3"/>
    <PageMargins x:Bottom="0.75" x:Left="0.7" x:Right="0.7" x:Top="0.75"/>
   </PageSetup>
   <Unsynced/>
   <Selected/>
   <Panes>
    <Pane>
     <Number>3</Number>
     <ActiveRow>16</ActiveRow>
     <ActiveCol>7</ActiveCol>
    </Pane>
   </Panes>
   <ProtectObjects>False</ProtectObjects>
   <ProtectScenarios>False</ProtectScenarios>
  </WorksheetOptions>
 </Worksheet>
 <Worksheet ss:Name="Invariants">
  <Table ss:ExpandedColumnCount="4" ss:ExpandedRowCount="1" x:FullColumns="1"
   x:FullRows="1" ss:StyleID="s65" ss:DefaultRowHeight="15">
   <Column ss:Index="2" ss:StyleID="s65" ss:AutoFitWidth="0" ss:Width="111.75"/>
   <Column ss:StyleID="s65" ss:AutoFitWidth="0" ss:Width="240"/>
   <Column ss:StyleID="s65" ss:AutoFitWidth="0" ss:Width="287.25"/>
   <Row ss:AutoFitHeight="0" ss:StyleID="s64">
    <Cell><Data ss:Type="String">Name</Data></Cell>
    <Cell><Data ss:Type="String">English</Data></Cell>
    <Cell><Data ss:Type="String">OCL</Data></Cell>
    <Cell><Data ss:Type="String">Schematron</Data></Cell>
   </Row>
  </Table>
  <WorksheetOptions xmlns="urn:schemas-microsoft-com:office:excel">
   <PageSetup>
    <Header x:Margin="0.3"/>
    <Footer x:Margin="0.3"/>
    <PageMargins x:Bottom="0.75" x:Left="0.7" x:Right="0.7" x:Top="0.75"/>
   </PageSetup>
   <Unsynced/>
   <Panes>
    <Pane>
     <Number>3</Number>
     <ActiveCol>1</ActiveCol>
    </Pane>
   </Panes>
   <ProtectObjects>False</ProtectObjects>
   <ProtectScenarios>False</ProtectScenarios>
  </WorksheetOptions>
 </Worksheet>
 <Worksheet ss:Name="Events">
  <Table ss:ExpandedColumnCount="5" ss:ExpandedRowCount="1" x:FullColumns="1"
   x:FullRows="1" ss:DefaultRowHeight="15">
   <Column ss:AutoFitWidth="0" ss:Width="101.25"/>
   <Column ss:AutoFitWidth="0" ss:Width="229.5"/>
   <Column ss:AutoFitWidth="0" ss:Width="128.25"/>
   <Column ss:AutoFitWidth="0" ss:Width="200.25"/>
   <Column ss:AutoFitWidth="0" ss:Width="114"/>
   <Row ss:AutoFitHeight="0" ss:Height="22.5" ss:StyleID="s66">
    <Cell ss:StyleID="s67"><Data ss:Type="String">Event Code</Data></Cell>
    <Cell ss:StyleID="s67"><Data ss:Type="String">Description</Data></Cell>
    <Cell ss:StyleID="s67"><Data ss:Type="String">Request Resources</Data></Cell>
    <Cell ss:StyleID="s67"><Data ss:Type="String">Response Resources</Data></Cell>
    <Cell ss:StyleID="s67"><Data ss:Type="String">Follow Ups</Data></Cell>
   </Row>
  </Table>
  <WorksheetOptions xmlns="urn:schemas-microsoft-com:office:excel">
   <PageSetup>
    <Header x:Margin="0.3"/>
    <Footer x:Margin="0.3"/>
    <PageMargins x:Bottom="0.75" x:Left="0.7" x:Right="0.7" x:Top="0.75"/>
   </PageSetup>
   <Unsynced/>
   <Panes>
    <Pane>
     <Number>3</Number>
     <ActiveRow>2</ActiveRow>
     <ActiveCol>1</ActiveCol>
    </Pane>
   </Panes>
   <ProtectObjects>False</ProtectObjects>
   <ProtectScenarios>False</ProtectScenarios>
  </WorksheetOptions>
 </Worksheet>
 <Worksheet ss:Name="Search">
  <Table ss:ExpandedColumnCount="2" ss:ExpandedRowCount="1" x:FullColumns="1"
   x:FullRows="1" ss:DefaultRowHeight="15">
   <Column ss:AutoFitWidth="0" ss:Width="70.5"/>
   <Column ss:AutoFitWidth="0" ss:Width="382.5"/>
   <Row ss:AutoFitHeight="0" ss:Height="16.5" ss:StyleID="s64">
    <Cell><Data ss:Type="String">Name</Data></Cell>
    <Cell><Data ss:Type="String">Description</Data></Cell>
   </Row>
  </Table>
  <WorksheetOptions xmlns="urn:schemas-microsoft-com:office:excel">
   <PageSetup>
    <Header x:Margin="0.3"/>
    <Footer x:Margin="0.3"/>
    <PageMargins x:Bottom="0.75" x:Left="0.7" x:Right="0.7" x:Top="0.75"/>
   </PageSetup>
   <Unsynced/>
   <Panes>
    <Pane>
     <Number>3</Number>
     <ActiveRow>3</ActiveRow>
     <ActiveCol>1</ActiveCol>
    </Pane>
   </Panes>
   <ProtectObjects>False</ProtectObjects>
   <ProtectScenarios>False</ProtectScenarios>
  </WorksheetOptions>
 </Worksheet>
</Workbook>
